<?xml version="1.0" encoding="UTF-8"?>
<testng-results ignored="0" total="1" passed="1" failed="0" skipped="0">
  <reporter-output>
  </reporter-output>
  <suite started-at="2024-11-12T16:42:59 IST" name="Default suite" finished-at="2024-11-12T16:43:11 IST" duration-ms="12123">
    <groups>
    </groups>
    <test started-at="2024-11-12T16:42:59 IST" name="Default test" finished-at="2024-11-12T16:43:11 IST" duration-ms="12123">
      <class name="com.OrangeHRMS_Test.LoginTest">
        <test-method is-config="true" signature="Before()[pri:0, instance:com.OrangeHRMS_Test.LoginTest@6d763516]" started-at="2024-11-12T16:42:59 IST" name="Before" finished-at="2024-11-12T16:43:05 IST" duration-ms="5974" status="PASS">
          <reporter-output>
          </reporter-output>
        </test-method> <!-- Before -->
        <test-method signature="Login()[pri:0, instance:com.OrangeHRMS_Test.LoginTest@6d763516]" started-at="2024-11-12T16:43:05 IST" name="Login" finished-at="2024-11-12T16:43:10 IST" duration-ms="5771" status="PASS">
          <reporter-output>
          </reporter-output>
        </test-method> <!-- Login -->
        <test-method is-config="true" signature="quit()[pri:0, instance:com.OrangeHRMS_Test.LoginTest@6d763516]" started-at="2024-11-12T16:43:10 IST" name="quit" finished-at="2024-11-12T16:43:11 IST" duration-ms="326" status="PASS">
          <reporter-output>
          </reporter-output>
        </test-method> <!-- quit -->
      </class> <!-- com.OrangeHRMS_Test.LoginTest -->
    </test> <!-- Default test -->
  </suite> <!-- Default suite -->
</testng-results>
